{
  error: ReferenceError: Redis is not defined
      at <anonymous> (C:\Users\NILADRI\Desktop\node-microservices-advanced\post-service\src\routes\v1\post\post-router.ts:9:21)
      at ModuleJob.run (node:internal/modules/esm/module_job:271:25)
      at async onImport.tracePromise.__proto__ (node:internal/modules/esm/loader:547:26)
      at async asyncRunEntryPointWithESMLoader (node:internal/modules/run_main:116:5),
  level: 'error',
  message: 'uncaughtException: Redis is not defined\n' +
    'ReferenceError: Redis is not defined\n' +
    '    at <anonymous> (C:\\Users\\NILADRI\\Desktop\\node-microservices-advanced\\post-service\\src\\routes\\v1\\post\\post-router.ts:9:21)\n' +
    '    at ModuleJob.run (node:internal/modules/esm/module_job:271:25)\n' +
    '    at async onImport.tracePromise.__proto__ (node:internal/modules/esm/loader:547:26)\n' +
    '    at async asyncRunEntryPointWithESMLoader (node:internal/modules/run_main:116:5)',
  stack: 'ReferenceError: Redis is not defined\n' +
    '    at <anonymous> (C:\\Users\\NILADRI\\Desktop\\node-microservices-advanced\\post-service\\src\\routes\\v1\\post\\post-router.ts:9:21)\n' +
    '    at ModuleJob.run (node:internal/modules/esm/module_job:271:25)\n' +
    '    at async onImport.tracePromise.__proto__ (node:internal/modules/esm/loader:547:26)\n' +
    '    at async asyncRunEntryPointWithESMLoader (node:internal/modules/run_main:116:5)',
  exception: true,
  date: 'Tue Feb 18 2025 20:39:48 GMT+0530 (India Standard Time)',
  process: {
    pid: 16592,
    uid: null,
    gid: null,
    cwd: 'C:\\Users\\NILADRI\\Desktop\\node-microservices-advanced\\post-service',
    execPath: 'C:\\Program Files\\nodejs\\node.exe',
    version: 'v22.13.1',
    argv: [
      'C:\\Program Files\\nodejs\\node.exe',
      'C:\\Users\\NILADRI\\Desktop\\node-microservices-advanced\\post-service\\src\\index.ts'
    ],
    memoryUsage: {
      rss: 108933120,
      heapTotal: 59609088,
      heapUsed: 29174224,
      external: 21736436,
      arrayBuffers: 18508868
    }
  },
  os: { loadavg: [ 0, 0, 0 ], uptime: 1514.906 },
  trace: [
    {
      column: 21,
      file: 'C:\\Users\\NILADRI\\Desktop\\node-microservices-advanced\\post-service\\src\\routes\\v1\\post\\post-router.ts',
      function: '<anonymous>',
      line: 9,
      method: null,
      native: false
    },
    {
      column: 25,
      file: 'node:internal/modules/esm/module_job',
      function: 'ModuleJob.run',
      line: 271,
      method: 'run',
      native: false
    },
    {
      column: 26,
      file: 'node:internal/modules/esm/loader',
      function: 'async onImport.tracePromise.__proto__',
      line: 547,
      method: '__proto__',
      native: false
    },
    {
      column: 5,
      file: 'node:internal/modules/run_main',
      function: 'async asyncRunEntryPointWithESMLoader',
      line: 116,
      method: null,
      native: false
    }
  ],
  service: 'identity-service',
  timestamp: '2025-02-18T15:09:48.217Z'
}
{
  error: ReferenceError: REDIS_URI is not defined
      at <anonymous> (C:\Users\NILADRI\Desktop\node-microservices-advanced\post-service\src\routes\v1\post\post-router.ts:10:31)
      at ModuleJob.run (node:internal/modules/esm/module_job:271:25)
      at async onImport.tracePromise.__proto__ (node:internal/modules/esm/loader:547:26)
      at async asyncRunEntryPointWithESMLoader (node:internal/modules/run_main:116:5),
  level: 'error',
  message: 'uncaughtException: REDIS_URI is not defined\n' +
    'ReferenceError: REDIS_URI is not defined\n' +
    '    at <anonymous> (C:\\Users\\NILADRI\\Desktop\\node-microservices-advanced\\post-service\\src\\routes\\v1\\post\\post-router.ts:10:31)\n' +
    '    at ModuleJob.run (node:internal/modules/esm/module_job:271:25)\n' +
    '    at async onImport.tracePromise.__proto__ (node:internal/modules/esm/loader:547:26)\n' +
    '    at async asyncRunEntryPointWithESMLoader (node:internal/modules/run_main:116:5)',
  stack: 'ReferenceError: REDIS_URI is not defined\n' +
    '    at <anonymous> (C:\\Users\\NILADRI\\Desktop\\node-microservices-advanced\\post-service\\src\\routes\\v1\\post\\post-router.ts:10:31)\n' +
    '    at ModuleJob.run (node:internal/modules/esm/module_job:271:25)\n' +
    '    at async onImport.tracePromise.__proto__ (node:internal/modules/esm/loader:547:26)\n' +
    '    at async asyncRunEntryPointWithESMLoader (node:internal/modules/run_main:116:5)',
  exception: true,
  date: 'Tue Feb 18 2025 20:39:52 GMT+0530 (India Standard Time)',
  process: {
    pid: 5704,
    uid: null,
    gid: null,
    cwd: 'C:\\Users\\NILADRI\\Desktop\\node-microservices-advanced\\post-service',
    execPath: 'C:\\Program Files\\nodejs\\node.exe',
    version: 'v22.13.1',
    argv: [
      'C:\\Program Files\\nodejs\\node.exe',
      'C:\\Users\\NILADRI\\Desktop\\node-microservices-advanced\\post-service\\src\\index.ts'
    ],
    memoryUsage: {
      rss: 113721344,
      heapTotal: 60133376,
      heapUsed: 37882928,
      external: 21769204,
      arrayBuffers: 18574839
    }
  },
  os: { loadavg: [ 0, 0, 0 ], uptime: 1518.953 },
  trace: [
    {
      column: 31,
      file: 'C:\\Users\\NILADRI\\Desktop\\node-microservices-advanced\\post-service\\src\\routes\\v1\\post\\post-router.ts',
      function: '<anonymous>',
      line: 10,
      method: null,
      native: false
    },
    {
      column: 25,
      file: 'node:internal/modules/esm/module_job',
      function: 'ModuleJob.run',
      line: 271,
      method: 'run',
      native: false
    },
    {
      column: 26,
      file: 'node:internal/modules/esm/loader',
      function: 'async onImport.tracePromise.__proto__',
      line: 547,
      method: '__proto__',
      native: false
    },
    {
      column: 5,
      file: 'node:internal/modules/run_main',
      function: 'async asyncRunEntryPointWithESMLoader',
      line: 116,
      method: null,
      native: false
    }
  ],
  service: 'identity-service',
  timestamp: '2025-02-18T15:09:52.266Z'
}
{
  error: ReferenceError: app is not defined
      at <anonymous> (C:\Users\NILADRI\Desktop\node-microservices-advanced\post-service\src\routes\v1\post\post-router.ts:13:1)
      at ModuleJob.run (node:internal/modules/esm/module_job:271:25)
      at async onImport.tracePromise.__proto__ (node:internal/modules/esm/loader:547:26)
      at async asyncRunEntryPointWithESMLoader (node:internal/modules/run_main:116:5),
  level: 'error',
  message: 'uncaughtException: app is not defined\n' +
    'ReferenceError: app is not defined\n' +
    '    at <anonymous> (C:\\Users\\NILADRI\\Desktop\\node-microservices-advanced\\post-service\\src\\routes\\v1\\post\\post-router.ts:13:1)\n' +
    '    at ModuleJob.run (node:internal/modules/esm/module_job:271:25)\n' +
    '    at async onImport.tracePromise.__proto__ (node:internal/modules/esm/loader:547:26)\n' +
    '    at async asyncRunEntryPointWithESMLoader (node:internal/modules/run_main:116:5)',
  stack: 'ReferenceError: app is not defined\n' +
    '    at <anonymous> (C:\\Users\\NILADRI\\Desktop\\node-microservices-advanced\\post-service\\src\\routes\\v1\\post\\post-router.ts:13:1)\n' +
    '    at ModuleJob.run (node:internal/modules/esm/module_job:271:25)\n' +
    '    at async onImport.tracePromise.__proto__ (node:internal/modules/esm/loader:547:26)\n' +
    '    at async asyncRunEntryPointWithESMLoader (node:internal/modules/run_main:116:5)',
  exception: true,
  date: 'Tue Feb 18 2025 20:40:23 GMT+0530 (India Standard Time)',
  process: {
    pid: 4168,
    uid: null,
    gid: null,
    cwd: 'C:\\Users\\NILADRI\\Desktop\\node-microservices-advanced\\post-service',
    execPath: 'C:\\Program Files\\nodejs\\node.exe',
    version: 'v22.13.1',
    argv: [
      'C:\\Program Files\\nodejs\\node.exe',
      'C:\\Users\\NILADRI\\Desktop\\node-microservices-advanced\\post-service\\src\\index.ts'
    ],
    memoryUsage: {
      rss: 114106368,
      heapTotal: 60395520,
      heapUsed: 37756064,
      external: 21769204,
      arrayBuffers: 18574839
    }
  },
  os: { loadavg: [ 0, 0, 0 ], uptime: 1550.406 },
  trace: [
    {
      column: 1,
      file: 'C:\\Users\\NILADRI\\Desktop\\node-microservices-advanced\\post-service\\src\\routes\\v1\\post\\post-router.ts',
      function: '<anonymous>',
      line: 13,
      method: null,
      native: false
    },
    {
      column: 25,
      file: 'node:internal/modules/esm/module_job',
      function: 'ModuleJob.run',
      line: 271,
      method: 'run',
      native: false
    },
    {
      column: 26,
      file: 'node:internal/modules/esm/loader',
      function: 'async onImport.tracePromise.__proto__',
      line: 547,
      method: '__proto__',
      native: false
    },
    {
      column: 5,
      file: 'node:internal/modules/run_main',
      function: 'async asyncRunEntryPointWithESMLoader',
      line: 116,
      method: null,
      native: false
    }
  ],
  service: 'identity-service',
  timestamp: '2025-02-18T15:10:23.717Z'
}
{
  error: ReferenceError: apiRouter is not defined
      at <anonymous> (C:\Users\NILADRI\Desktop\node-microservices-advanced\post-service\src\routes\v1\post\post-router.ts:16:4)
      at ModuleJob.run (node:internal/modules/esm/module_job:271:25)
      at async onImport.tracePromise.__proto__ (node:internal/modules/esm/loader:547:26)
      at async asyncRunEntryPointWithESMLoader (node:internal/modules/run_main:116:5),
  level: 'error',
  message: 'uncaughtException: apiRouter is not defined\n' +
    'ReferenceError: apiRouter is not defined\n' +
    '    at <anonymous> (C:\\Users\\NILADRI\\Desktop\\node-microservices-advanced\\post-service\\src\\routes\\v1\\post\\post-router.ts:16:4)\n' +
    '    at ModuleJob.run (node:internal/modules/esm/module_job:271:25)\n' +
    '    at async onImport.tracePromise.__proto__ (node:internal/modules/esm/loader:547:26)\n' +
    '    at async asyncRunEntryPointWithESMLoader (node:internal/modules/run_main:116:5)',
  stack: 'ReferenceError: apiRouter is not defined\n' +
    '    at <anonymous> (C:\\Users\\NILADRI\\Desktop\\node-microservices-advanced\\post-service\\src\\routes\\v1\\post\\post-router.ts:16:4)\n' +
    '    at ModuleJob.run (node:internal/modules/esm/module_job:271:25)\n' +
    '    at async onImport.tracePromise.__proto__ (node:internal/modules/esm/loader:547:26)\n' +
    '    at async asyncRunEntryPointWithESMLoader (node:internal/modules/run_main:116:5)',
  exception: true,
  date: 'Tue Feb 18 2025 20:40:28 GMT+0530 (India Standard Time)',
  process: {
    pid: 5076,
    uid: null,
    gid: null,
    cwd: 'C:\\Users\\NILADRI\\Desktop\\node-microservices-advanced\\post-service',
    execPath: 'C:\\Program Files\\nodejs\\node.exe',
    version: 'v22.13.1',
    argv: [
      'C:\\Program Files\\nodejs\\node.exe',
      'C:\\Users\\NILADRI\\Desktop\\node-microservices-advanced\\post-service\\src\\index.ts'
    ],
    memoryUsage: {
      rss: 113598464,
      heapTotal: 59871232,
      heapUsed: 38094232,
      external: 21769204,
      arrayBuffers: 18574839
    }
  },
  os: { loadavg: [ 0, 0, 0 ], uptime: 1554.734 },
  trace: [
    {
      column: 4,
      file: 'C:\\Users\\NILADRI\\Desktop\\node-microservices-advanced\\post-service\\src\\routes\\v1\\post\\post-router.ts',
      function: '<anonymous>',
      line: 16,
      method: null,
      native: false
    },
    {
      column: 25,
      file: 'node:internal/modules/esm/module_job',
      function: 'ModuleJob.run',
      line: 271,
      method: 'run',
      native: false
    },
    {
      column: 26,
      file: 'node:internal/modules/esm/loader',
      function: 'async onImport.tracePromise.__proto__',
      line: 547,
      method: '__proto__',
      native: false
    },
    {
      column: 5,
      file: 'node:internal/modules/run_main',
      function: 'async asyncRunEntryPointWithESMLoader',
      line: 116,
      method: null,
      native: false
    }
  ],
  service: 'identity-service',
  timestamp: '2025-02-18T15:10:28.045Z'
}
{
  error: ReferenceError: apiRouter is not defined
      at <anonymous> (C:\Users\NILADRI\Desktop\node-microservices-advanced\post-service\src\routes\v1\post\post-router.ts:16:4)
      at ModuleJob.run (node:internal/modules/esm/module_job:271:25)
      at async onImport.tracePromise.__proto__ (node:internal/modules/esm/loader:547:26)
      at async asyncRunEntryPointWithESMLoader (node:internal/modules/run_main:116:5),
  level: 'error',
  message: 'uncaughtException: apiRouter is not defined\n' +
    'ReferenceError: apiRouter is not defined\n' +
    '    at <anonymous> (C:\\Users\\NILADRI\\Desktop\\node-microservices-advanced\\post-service\\src\\routes\\v1\\post\\post-router.ts:16:4)\n' +
    '    at ModuleJob.run (node:internal/modules/esm/module_job:271:25)\n' +
    '    at async onImport.tracePromise.__proto__ (node:internal/modules/esm/loader:547:26)\n' +
    '    at async asyncRunEntryPointWithESMLoader (node:internal/modules/run_main:116:5)',
  stack: 'ReferenceError: apiRouter is not defined\n' +
    '    at <anonymous> (C:\\Users\\NILADRI\\Desktop\\node-microservices-advanced\\post-service\\src\\routes\\v1\\post\\post-router.ts:16:4)\n' +
    '    at ModuleJob.run (node:internal/modules/esm/module_job:271:25)\n' +
    '    at async onImport.tracePromise.__proto__ (node:internal/modules/esm/loader:547:26)\n' +
    '    at async asyncRunEntryPointWithESMLoader (node:internal/modules/run_main:116:5)',
  exception: true,
  date: 'Tue Feb 18 2025 20:40:30 GMT+0530 (India Standard Time)',
  process: {
    pid: 17776,
    uid: null,
    gid: null,
    cwd: 'C:\\Users\\NILADRI\\Desktop\\node-microservices-advanced\\post-service',
    execPath: 'C:\\Program Files\\nodejs\\node.exe',
    version: 'v22.13.1',
    argv: [
      'C:\\Program Files\\nodejs\\node.exe',
      'C:\\Users\\NILADRI\\Desktop\\node-microservices-advanced\\post-service\\src\\index.ts'
    ],
    memoryUsage: {
      rss: 113844224,
      heapTotal: 60133376,
      heapUsed: 37737712,
      external: 21769204,
      arrayBuffers: 18574839
    }
  },
  os: { loadavg: [ 0, 0, 0 ], uptime: 1557.625 },
  trace: [
    {
      column: 4,
      file: 'C:\\Users\\NILADRI\\Desktop\\node-microservices-advanced\\post-service\\src\\routes\\v1\\post\\post-router.ts',
      function: '<anonymous>',
      line: 16,
      method: null,
      native: false
    },
    {
      column: 25,
      file: 'node:internal/modules/esm/module_job',
      function: 'ModuleJob.run',
      line: 271,
      method: 'run',
      native: false
    },
    {
      column: 26,
      file: 'node:internal/modules/esm/loader',
      function: 'async onImport.tracePromise.__proto__',
      line: 547,
      method: '__proto__',
      native: false
    },
    {
      column: 5,
      file: 'node:internal/modules/run_main',
      function: 'async asyncRunEntryPointWithESMLoader',
      line: 116,
      method: null,
      native: false
    }
  ],
  service: 'identity-service',
  timestamp: '2025-02-18T15:10:30.947Z'
}
{
  error: ReferenceError: Redis is not defined
      at <anonymous> (C:\Users\NILADRI\Desktop\node-microservices-advanced\post-service\src\routes\v1\index.ts:6:21)
      at ModuleJob.run (node:internal/modules/esm/module_job:271:25)
      at async onImport.tracePromise.__proto__ (node:internal/modules/esm/loader:547:26)
      at async asyncRunEntryPointWithESMLoader (node:internal/modules/run_main:116:5),
  level: 'error',
  message: 'uncaughtException: Redis is not defined\n' +
    'ReferenceError: Redis is not defined\n' +
    '    at <anonymous> (C:\\Users\\NILADRI\\Desktop\\node-microservices-advanced\\post-service\\src\\routes\\v1\\index.ts:6:21)\n' +
    '    at ModuleJob.run (node:internal/modules/esm/module_job:271:25)\n' +
    '    at async onImport.tracePromise.__proto__ (node:internal/modules/esm/loader:547:26)\n' +
    '    at async asyncRunEntryPointWithESMLoader (node:internal/modules/run_main:116:5)',
  stack: 'ReferenceError: Redis is not defined\n' +
    '    at <anonymous> (C:\\Users\\NILADRI\\Desktop\\node-microservices-advanced\\post-service\\src\\routes\\v1\\index.ts:6:21)\n' +
    '    at ModuleJob.run (node:internal/modules/esm/module_job:271:25)\n' +
    '    at async onImport.tracePromise.__proto__ (node:internal/modules/esm/loader:547:26)\n' +
    '    at async asyncRunEntryPointWithESMLoader (node:internal/modules/run_main:116:5)',
  exception: true,
  date: 'Tue Feb 18 2025 20:40:46 GMT+0530 (India Standard Time)',
  process: {
    pid: 15816,
    uid: null,
    gid: null,
    cwd: 'C:\\Users\\NILADRI\\Desktop\\node-microservices-advanced\\post-service',
    execPath: 'C:\\Program Files\\nodejs\\node.exe',
    version: 'v22.13.1',
    argv: [
      'C:\\Program Files\\nodejs\\node.exe',
      'C:\\Users\\NILADRI\\Desktop\\node-microservices-advanced\\post-service\\src\\index.ts'
    ],
    memoryUsage: {
      rss: 109563904,
      heapTotal: 59871232,
      heapUsed: 30196424,
      external: 21736436,
      arrayBuffers: 18508868
    }
  },
  os: { loadavg: [ 0, 0, 0 ], uptime: 1572.828 },
  trace: [
    {
      column: 21,
      file: 'C:\\Users\\NILADRI\\Desktop\\node-microservices-advanced\\post-service\\src\\routes\\v1\\index.ts',
      function: '<anonymous>',
      line: 6,
      method: null,
      native: false
    },
    {
      column: 25,
      file: 'node:internal/modules/esm/module_job',
      function: 'ModuleJob.run',
      line: 271,
      method: 'run',
      native: false
    },
    {
      column: 26,
      file: 'node:internal/modules/esm/loader',
      function: 'async onImport.tracePromise.__proto__',
      line: 547,
      method: '__proto__',
      native: false
    },
    {
      column: 5,
      file: 'node:internal/modules/run_main',
      function: 'async asyncRunEntryPointWithESMLoader',
      line: 116,
      method: null,
      native: false
    }
  ],
  service: 'identity-service',
  timestamp: '2025-02-18T15:10:46.145Z'
}
{
  error: ReferenceError: config is not defined
      at <anonymous> (C:\Users\NILADRI\Desktop\node-microservices-advanced\post-service\src\routes\v1\index.ts:7:31)
      at ModuleJob.run (node:internal/modules/esm/module_job:271:25)
      at async onImport.tracePromise.__proto__ (node:internal/modules/esm/loader:547:26)
      at async asyncRunEntryPointWithESMLoader (node:internal/modules/run_main:116:5),
  level: 'error',
  message: 'uncaughtException: config is not defined\n' +
    'ReferenceError: config is not defined\n' +
    '    at <anonymous> (C:\\Users\\NILADRI\\Desktop\\node-microservices-advanced\\post-service\\src\\routes\\v1\\index.ts:7:31)\n' +
    '    at ModuleJob.run (node:internal/modules/esm/module_job:271:25)\n' +
    '    at async onImport.tracePromise.__proto__ (node:internal/modules/esm/loader:547:26)\n' +
    '    at async asyncRunEntryPointWithESMLoader (node:internal/modules/run_main:116:5)',
  stack: 'ReferenceError: config is not defined\n' +
    '    at <anonymous> (C:\\Users\\NILADRI\\Desktop\\node-microservices-advanced\\post-service\\src\\routes\\v1\\index.ts:7:31)\n' +
    '    at ModuleJob.run (node:internal/modules/esm/module_job:271:25)\n' +
    '    at async onImport.tracePromise.__proto__ (node:internal/modules/esm/loader:547:26)\n' +
    '    at async asyncRunEntryPointWithESMLoader (node:internal/modules/run_main:116:5)',
  exception: true,
  date: 'Tue Feb 18 2025 20:40:50 GMT+0530 (India Standard Time)',
  process: {
    pid: 16260,
    uid: null,
    gid: null,
    cwd: 'C:\\Users\\NILADRI\\Desktop\\node-microservices-advanced\\post-service',
    execPath: 'C:\\Program Files\\nodejs\\node.exe',
    version: 'v22.13.1',
    argv: [
      'C:\\Program Files\\nodejs\\node.exe',
      'C:\\Users\\NILADRI\\Desktop\\node-microservices-advanced\\post-service\\src\\index.ts'
    ],
    memoryUsage: {
      rss: 113745920,
      heapTotal: 60133376,
      heapUsed: 37756560,
      external: 21769204,
      arrayBuffers: 18574839
    }
  },
  os: { loadavg: [ 0, 0, 0 ], uptime: 1576.734 },
  trace: [
    {
      column: 31,
      file: 'C:\\Users\\NILADRI\\Desktop\\node-microservices-advanced\\post-service\\src\\routes\\v1\\index.ts',
      function: '<anonymous>',
      line: 7,
      method: null,
      native: false
    },
    {
      column: 25,
      file: 'node:internal/modules/esm/module_job',
      function: 'ModuleJob.run',
      line: 271,
      method: 'run',
      native: false
    },
    {
      column: 26,
      file: 'node:internal/modules/esm/loader',
      function: 'async onImport.tracePromise.__proto__',
      line: 547,
      method: '__proto__',
      native: false
    },
    {
      column: 5,
      file: 'node:internal/modules/run_main',
      function: 'async asyncRunEntryPointWithESMLoader',
      line: 116,
      method: null,
      native: false
    }
  ],
  service: 'identity-service',
  timestamp: '2025-02-18T15:10:50.046Z'
}
{
  error: TypeError: Cannot read properties of undefined (reading 'REDIS_URI')
      at <anonymous> (C:\Users\NILADRI\Desktop\node-microservices-advanced\post-service\src\routes\v1\index.ts:8:51)
      at ModuleJob.run (node:internal/modules/esm/module_job:271:25)
      at async onImport.tracePromise.__proto__ (node:internal/modules/esm/loader:547:26)
      at async asyncRunEntryPointWithESMLoader (node:internal/modules/run_main:116:5),
  level: 'error',
  message: "uncaughtException: Cannot read properties of undefined (reading 'REDIS_URI')\n" +
    "TypeError: Cannot read properties of undefined (reading 'REDIS_URI')\n" +
    '    at <anonymous> (C:\\Users\\NILADRI\\Desktop\\node-microservices-advanced\\post-service\\src\\routes\\v1\\index.ts:8:51)\n' +
    '    at ModuleJob.run (node:internal/modules/esm/module_job:271:25)\n' +
    '    at async onImport.tracePromise.__proto__ (node:internal/modules/esm/loader:547:26)\n' +
    '    at async asyncRunEntryPointWithESMLoader (node:internal/modules/run_main:116:5)',
  stack: "TypeError: Cannot read properties of undefined (reading 'REDIS_URI')\n" +
    '    at <anonymous> (C:\\Users\\NILADRI\\Desktop\\node-microservices-advanced\\post-service\\src\\routes\\v1\\index.ts:8:51)\n' +
    '    at ModuleJob.run (node:internal/modules/esm/module_job:271:25)\n' +
    '    at async onImport.tracePromise.__proto__ (node:internal/modules/esm/loader:547:26)\n' +
    '    at async asyncRunEntryPointWithESMLoader (node:internal/modules/run_main:116:5)',
  exception: true,
  date: 'Tue Feb 18 2025 20:40:52 GMT+0530 (India Standard Time)',
  process: {
    pid: 2616,
    uid: null,
    gid: null,
    cwd: 'C:\\Users\\NILADRI\\Desktop\\node-microservices-advanced\\post-service',
    execPath: 'C:\\Program Files\\nodejs\\node.exe',
    version: 'v22.13.1',
    argv: [
      'C:\\Program Files\\nodejs\\node.exe',
      'C:\\Users\\NILADRI\\Desktop\\node-microservices-advanced\\post-service\\src\\index.ts'
    ],
    memoryUsage: {
      rss: 113713152,
      heapTotal: 60133376,
      heapUsed: 37615912,
      external: 21769204,
      arrayBuffers: 18574839
    }
  },
  os: { loadavg: [ 0, 0, 0 ], uptime: 1579.625 },
  trace: [
    {
      column: 51,
      file: 'C:\\Users\\NILADRI\\Desktop\\node-microservices-advanced\\post-service\\src\\routes\\v1\\index.ts',
      function: '<anonymous>',
      line: 8,
      method: null,
      native: false
    },
    {
      column: 25,
      file: 'node:internal/modules/esm/module_job',
      function: 'ModuleJob.run',
      line: 271,
      method: 'run',
      native: false
    },
    {
      column: 26,
      file: 'node:internal/modules/esm/loader',
      function: 'async onImport.tracePromise.__proto__',
      line: 547,
      method: '__proto__',
      native: false
    },
    {
      column: 5,
      file: 'node:internal/modules/run_main',
      function: 'async asyncRunEntryPointWithESMLoader',
      line: 116,
      method: null,
      native: false
    }
  ],
  service: 'identity-service',
  timestamp: '2025-02-18T15:10:52.945Z'
}
{
  error: ReferenceError: config is not defined
      at <anonymous> (C:\Users\NILADRI\Desktop\node-microservices-advanced\post-service\src\routes\v1\index.ts:7:31)
      at ModuleJob.run (node:internal/modules/esm/module_job:271:25)
      at async onImport.tracePromise.__proto__ (node:internal/modules/esm/loader:547:26)
      at async asyncRunEntryPointWithESMLoader (node:internal/modules/run_main:116:5),
  level: 'error',
  message: 'uncaughtException: config is not defined\n' +
    'ReferenceError: config is not defined\n' +
    '    at <anonymous> (C:\\Users\\NILADRI\\Desktop\\node-microservices-advanced\\post-service\\src\\routes\\v1\\index.ts:7:31)\n' +
    '    at ModuleJob.run (node:internal/modules/esm/module_job:271:25)\n' +
    '    at async onImport.tracePromise.__proto__ (node:internal/modules/esm/loader:547:26)\n' +
    '    at async asyncRunEntryPointWithESMLoader (node:internal/modules/run_main:116:5)',
  stack: 'ReferenceError: config is not defined\n' +
    '    at <anonymous> (C:\\Users\\NILADRI\\Desktop\\node-microservices-advanced\\post-service\\src\\routes\\v1\\index.ts:7:31)\n' +
    '    at ModuleJob.run (node:internal/modules/esm/module_job:271:25)\n' +
    '    at async onImport.tracePromise.__proto__ (node:internal/modules/esm/loader:547:26)\n' +
    '    at async asyncRunEntryPointWithESMLoader (node:internal/modules/run_main:116:5)',
  exception: true,
  date: 'Tue Feb 18 2025 20:40:55 GMT+0530 (India Standard Time)',
  process: {
    pid: 17084,
    uid: null,
    gid: null,
    cwd: 'C:\\Users\\NILADRI\\Desktop\\node-microservices-advanced\\post-service',
    execPath: 'C:\\Program Files\\nodejs\\node.exe',
    version: 'v22.13.1',
    argv: [
      'C:\\Program Files\\nodejs\\node.exe',
      'C:\\Users\\NILADRI\\Desktop\\node-microservices-advanced\\post-service\\src\\index.ts'
    ],
    memoryUsage: {
      rss: 113147904,
      heapTotal: 59871232,
      heapUsed: 37784720,
      external: 21769204,
      arrayBuffers: 18574839
    }
  },
  os: { loadavg: [ 0, 0, 0 ], uptime: 1582.203 },
  trace: [
    {
      column: 31,
      file: 'C:\\Users\\NILADRI\\Desktop\\node-microservices-advanced\\post-service\\src\\routes\\v1\\index.ts',
      function: '<anonymous>',
      line: 7,
      method: null,
      native: false
    },
    {
      column: 25,
      file: 'node:internal/modules/esm/module_job',
      function: 'ModuleJob.run',
      line: 271,
      method: 'run',
      native: false
    },
    {
      column: 26,
      file: 'node:internal/modules/esm/loader',
      function: 'async onImport.tracePromise.__proto__',
      line: 547,
      method: '__proto__',
      native: false
    },
    {
      column: 5,
      file: 'node:internal/modules/run_main',
      function: 'async asyncRunEntryPointWithESMLoader',
      line: 116,
      method: null,
      native: false
    }
  ],
  service: 'identity-service',
  timestamp: '2025-02-18T15:10:55.519Z'
}
{
  error: ReferenceError: app is not defined
      at <anonymous> (C:\Users\NILADRI\Desktop\node-microservices-advanced\post-service\src\routes\v1\index.ts:9:1)
      at ModuleJob.run (node:internal/modules/esm/module_job:271:25)
      at async onImport.tracePromise.__proto__ (node:internal/modules/esm/loader:547:26)
      at async asyncRunEntryPointWithESMLoader (node:internal/modules/run_main:116:5),
  level: 'error',
  message: 'uncaughtException: app is not defined\n' +
    'ReferenceError: app is not defined\n' +
    '    at <anonymous> (C:\\Users\\NILADRI\\Desktop\\node-microservices-advanced\\post-service\\src\\routes\\v1\\index.ts:9:1)\n' +
    '    at ModuleJob.run (node:internal/modules/esm/module_job:271:25)\n' +
    '    at async onImport.tracePromise.__proto__ (node:internal/modules/esm/loader:547:26)\n' +
    '    at async asyncRunEntryPointWithESMLoader (node:internal/modules/run_main:116:5)',
  stack: 'ReferenceError: app is not defined\n' +
    '    at <anonymous> (C:\\Users\\NILADRI\\Desktop\\node-microservices-advanced\\post-service\\src\\routes\\v1\\index.ts:9:1)\n' +
    '    at ModuleJob.run (node:internal/modules/esm/module_job:271:25)\n' +
    '    at async onImport.tracePromise.__proto__ (node:internal/modules/esm/loader:547:26)\n' +
    '    at async asyncRunEntryPointWithESMLoader (node:internal/modules/run_main:116:5)',
  exception: true,
  date: 'Tue Feb 18 2025 20:41:06 GMT+0530 (India Standard Time)',
  process: {
    pid: 14916,
    uid: null,
    gid: null,
    cwd: 'C:\\Users\\NILADRI\\Desktop\\node-microservices-advanced\\post-service',
    execPath: 'C:\\Program Files\\nodejs\\node.exe',
    version: 'v22.13.1',
    argv: [
      'C:\\Program Files\\nodejs\\node.exe',
      'C:\\Users\\NILADRI\\Desktop\\node-microservices-advanced\\post-service\\src\\index.ts'
    ],
    memoryUsage: {
      rss: 113733632,
      heapTotal: 60395520,
      heapUsed: 37022664,
      external: 21769204,
      arrayBuffers: 18574839
    }
  },
  os: { loadavg: [ 0, 0, 0 ], uptime: 1592.921 },
  trace: [
    {
      column: 1,
      file: 'C:\\Users\\NILADRI\\Desktop\\node-microservices-advanced\\post-service\\src\\routes\\v1\\index.ts',
      function: '<anonymous>',
      line: 9,
      method: null,
      native: false
    },
    {
      column: 25,
      file: 'node:internal/modules/esm/module_job',
      function: 'ModuleJob.run',
      line: 271,
      method: 'run',
      native: false
    },
    {
      column: 26,
      file: 'node:internal/modules/esm/loader',
      function: 'async onImport.tracePromise.__proto__',
      line: 547,
      method: '__proto__',
      native: false
    },
    {
      column: 5,
      file: 'node:internal/modules/run_main',
      function: 'async asyncRunEntryPointWithESMLoader',
      line: 116,
      method: null,
      native: false
    }
  ],
  service: 'identity-service',
  timestamp: '2025-02-18T15:11:06.238Z'
}
{
  error: ReferenceError: apiRouter is not defined
      at <anonymous> (C:\Users\NILADRI\Desktop\node-microservices-advanced\post-service\src\routes\v1\index.ts:12:4)
      at ModuleJob.run (node:internal/modules/esm/module_job:271:25)
      at async onImport.tracePromise.__proto__ (node:internal/modules/esm/loader:547:26)
      at async asyncRunEntryPointWithESMLoader (node:internal/modules/run_main:116:5),
  level: 'error',
  message: 'uncaughtException: apiRouter is not defined\n' +
    'ReferenceError: apiRouter is not defined\n' +
    '    at <anonymous> (C:\\Users\\NILADRI\\Desktop\\node-microservices-advanced\\post-service\\src\\routes\\v1\\index.ts:12:4)\n' +
    '    at ModuleJob.run (node:internal/modules/esm/module_job:271:25)\n' +
    '    at async onImport.tracePromise.__proto__ (node:internal/modules/esm/loader:547:26)\n' +
    '    at async asyncRunEntryPointWithESMLoader (node:internal/modules/run_main:116:5)',
  stack: 'ReferenceError: apiRouter is not defined\n' +
    '    at <anonymous> (C:\\Users\\NILADRI\\Desktop\\node-microservices-advanced\\post-service\\src\\routes\\v1\\index.ts:12:4)\n' +
    '    at ModuleJob.run (node:internal/modules/esm/module_job:271:25)\n' +
    '    at async onImport.tracePromise.__proto__ (node:internal/modules/esm/loader:547:26)\n' +
    '    at async asyncRunEntryPointWithESMLoader (node:internal/modules/run_main:116:5)',
  exception: true,
  date: 'Tue Feb 18 2025 20:41:13 GMT+0530 (India Standard Time)',
  process: {
    pid: 12576,
    uid: null,
    gid: null,
    cwd: 'C:\\Users\\NILADRI\\Desktop\\node-microservices-advanced\\post-service',
    execPath: 'C:\\Program Files\\nodejs\\node.exe',
    version: 'v22.13.1',
    argv: [
      'C:\\Program Files\\nodejs\\node.exe',
      'C:\\Users\\NILADRI\\Desktop\\node-microservices-advanced\\post-service\\src\\index.ts'
    ],
    memoryUsage: {
      rss: 113696768,
      heapTotal: 60133376,
      heapUsed: 37847392,
      external: 21769204,
      arrayBuffers: 18574839
    }
  },
  os: { loadavg: [ 0, 0, 0 ], uptime: 1600.421 },
  trace: [
    {
      column: 4,
      file: 'C:\\Users\\NILADRI\\Desktop\\node-microservices-advanced\\post-service\\src\\routes\\v1\\index.ts',
      function: '<anonymous>',
      line: 12,
      method: null,
      native: false
    },
    {
      column: 25,
      file: 'node:internal/modules/esm/module_job',
      function: 'ModuleJob.run',
      line: 271,
      method: 'run',
      native: false
    },
    {
      column: 26,
      file: 'node:internal/modules/esm/loader',
      function: 'async onImport.tracePromise.__proto__',
      line: 547,
      method: '__proto__',
      native: false
    },
    {
      column: 5,
      file: 'node:internal/modules/run_main',
      function: 'async asyncRunEntryPointWithESMLoader',
      line: 116,
      method: null,
      native: false
    }
  ],
  service: 'identity-service',
  timestamp: '2025-02-18T15:11:13.744Z'
}
{
  error: ReferenceError: apiRouter is not defined
      at <anonymous> (C:\Users\NILADRI\Desktop\node-microservices-advanced\post-service\src\routes\v1\index.ts:12:4)
      at ModuleJob.run (node:internal/modules/esm/module_job:271:25)
      at async onImport.tracePromise.__proto__ (node:internal/modules/esm/loader:547:26)
      at async asyncRunEntryPointWithESMLoader (node:internal/modules/run_main:116:5),
  level: 'error',
  message: 'uncaughtException: apiRouter is not defined\n' +
    'ReferenceError: apiRouter is not defined\n' +
    '    at <anonymous> (C:\\Users\\NILADRI\\Desktop\\node-microservices-advanced\\post-service\\src\\routes\\v1\\index.ts:12:4)\n' +
    '    at ModuleJob.run (node:internal/modules/esm/module_job:271:25)\n' +
    '    at async onImport.tracePromise.__proto__ (node:internal/modules/esm/loader:547:26)\n' +
    '    at async asyncRunEntryPointWithESMLoader (node:internal/modules/run_main:116:5)',
  stack: 'ReferenceError: apiRouter is not defined\n' +
    '    at <anonymous> (C:\\Users\\NILADRI\\Desktop\\node-microservices-advanced\\post-service\\src\\routes\\v1\\index.ts:12:4)\n' +
    '    at ModuleJob.run (node:internal/modules/esm/module_job:271:25)\n' +
    '    at async onImport.tracePromise.__proto__ (node:internal/modules/esm/loader:547:26)\n' +
    '    at async asyncRunEntryPointWithESMLoader (node:internal/modules/run_main:116:5)',
  exception: true,
  date: 'Tue Feb 18 2025 20:41:18 GMT+0530 (India Standard Time)',
  process: {
    pid: 11056,
    uid: null,
    gid: null,
    cwd: 'C:\\Users\\NILADRI\\Desktop\\node-microservices-advanced\\post-service',
    execPath: 'C:\\Program Files\\nodejs\\node.exe',
    version: 'v22.13.1',
    argv: [
      'C:\\Program Files\\nodejs\\node.exe',
      'C:\\Users\\NILADRI\\Desktop\\node-microservices-advanced\\post-service\\src\\index.ts'
    ],
    memoryUsage: {
      rss: 113557504,
      heapTotal: 60395520,
      heapUsed: 37704536,
      external: 21769204,
      arrayBuffers: 18574839
    }
  },
  os: { loadavg: [ 0, 0, 0 ], uptime: 1604.984 },
  trace: [
    {
      column: 4,
      file: 'C:\\Users\\NILADRI\\Desktop\\node-microservices-advanced\\post-service\\src\\routes\\v1\\index.ts',
      function: '<anonymous>',
      line: 12,
      method: null,
      native: false
    },
    {
      column: 25,
      file: 'node:internal/modules/esm/module_job',
      function: 'ModuleJob.run',
      line: 271,
      method: 'run',
      native: false
    },
    {
      column: 26,
      file: 'node:internal/modules/esm/loader',
      function: 'async onImport.tracePromise.__proto__',
      line: 547,
      method: '__proto__',
      native: false
    },
    {
      column: 5,
      file: 'node:internal/modules/run_main',
      function: 'async asyncRunEntryPointWithESMLoader',
      line: 116,
      method: null,
      native: false
    }
  ],
  service: 'identity-service',
  timestamp: '2025-02-18T15:11:18.292Z'
}
{
  error: ReferenceError: apiRouter is not defined
      at <anonymous> (C:\Users\NILADRI\Desktop\node-microservices-advanced\post-service\src\routes\v1\index.ts:12:4)
      at ModuleJob.run (node:internal/modules/esm/module_job:271:25)
      at async onImport.tracePromise.__proto__ (node:internal/modules/esm/loader:547:26)
      at async asyncRunEntryPointWithESMLoader (node:internal/modules/run_main:116:5),
  level: 'error',
  message: 'uncaughtException: apiRouter is not defined\n' +
    'ReferenceError: apiRouter is not defined\n' +
    '    at <anonymous> (C:\\Users\\NILADRI\\Desktop\\node-microservices-advanced\\post-service\\src\\routes\\v1\\index.ts:12:4)\n' +
    '    at ModuleJob.run (node:internal/modules/esm/module_job:271:25)\n' +
    '    at async onImport.tracePromise.__proto__ (node:internal/modules/esm/loader:547:26)\n' +
    '    at async asyncRunEntryPointWithESMLoader (node:internal/modules/run_main:116:5)',
  stack: 'ReferenceError: apiRouter is not defined\n' +
    '    at <anonymous> (C:\\Users\\NILADRI\\Desktop\\node-microservices-advanced\\post-service\\src\\routes\\v1\\index.ts:12:4)\n' +
    '    at ModuleJob.run (node:internal/modules/esm/module_job:271:25)\n' +
    '    at async onImport.tracePromise.__proto__ (node:internal/modules/esm/loader:547:26)\n' +
    '    at async asyncRunEntryPointWithESMLoader (node:internal/modules/run_main:116:5)',
  exception: true,
  date: 'Tue Feb 18 2025 20:41:21 GMT+0530 (India Standard Time)',
  process: {
    pid: 2744,
    uid: null,
    gid: null,
    cwd: 'C:\\Users\\NILADRI\\Desktop\\node-microservices-advanced\\post-service',
    execPath: 'C:\\Program Files\\nodejs\\node.exe',
    version: 'v22.13.1',
    argv: [
      'C:\\Program Files\\nodejs\\node.exe',
      'C:\\Users\\NILADRI\\Desktop\\node-microservices-advanced\\post-service\\src\\index.ts'
    ],
    memoryUsage: {
      rss: 113573888,
      heapTotal: 60133376,
      heapUsed: 37551672,
      external: 21769204,
      arrayBuffers: 18574839
    }
  },
  os: { loadavg: [ 0, 0, 0 ], uptime: 1608.468 },
  trace: [
    {
      column: 4,
      file: 'C:\\Users\\NILADRI\\Desktop\\node-microservices-advanced\\post-service\\src\\routes\\v1\\index.ts',
      function: '<anonymous>',
      line: 12,
      method: null,
      native: false
    },
    {
      column: 25,
      file: 'node:internal/modules/esm/module_job',
      function: 'ModuleJob.run',
      line: 271,
      method: 'run',
      native: false
    },
    {
      column: 26,
      file: 'node:internal/modules/esm/loader',
      function: 'async onImport.tracePromise.__proto__',
      line: 547,
      method: '__proto__',
      native: false
    },
    {
      column: 5,
      file: 'node:internal/modules/run_main',
      function: 'async asyncRunEntryPointWithESMLoader',
      line: 116,
      method: null,
      native: false
    }
  ],
  service: 'identity-service',
  timestamp: '2025-02-18T15:11:21.790Z'
}
{
  error: ReferenceError: apiRouter is not defined
      at <anonymous> (C:\Users\NILADRI\Desktop\node-microservices-advanced\post-service\src\routes\v1\index.ts:12:4)
      at ModuleJob.run (node:internal/modules/esm/module_job:271:25)
      at async onImport.tracePromise.__proto__ (node:internal/modules/esm/loader:547:26)
      at async asyncRunEntryPointWithESMLoader (node:internal/modules/run_main:116:5),
  level: 'error',
  message: 'uncaughtException: apiRouter is not defined\n' +
    'ReferenceError: apiRouter is not defined\n' +
    '    at <anonymous> (C:\\Users\\NILADRI\\Desktop\\node-microservices-advanced\\post-service\\src\\routes\\v1\\index.ts:12:4)\n' +
    '    at ModuleJob.run (node:internal/modules/esm/module_job:271:25)\n' +
    '    at async onImport.tracePromise.__proto__ (node:internal/modules/esm/loader:547:26)\n' +
    '    at async asyncRunEntryPointWithESMLoader (node:internal/modules/run_main:116:5)',
  stack: 'ReferenceError: apiRouter is not defined\n' +
    '    at <anonymous> (C:\\Users\\NILADRI\\Desktop\\node-microservices-advanced\\post-service\\src\\routes\\v1\\index.ts:12:4)\n' +
    '    at ModuleJob.run (node:internal/modules/esm/module_job:271:25)\n' +
    '    at async onImport.tracePromise.__proto__ (node:internal/modules/esm/loader:547:26)\n' +
    '    at async asyncRunEntryPointWithESMLoader (node:internal/modules/run_main:116:5)',
  exception: true,
  date: 'Tue Feb 18 2025 20:41:25 GMT+0530 (India Standard Time)',
  process: {
    pid: 3012,
    uid: null,
    gid: null,
    cwd: 'C:\\Users\\NILADRI\\Desktop\\node-microservices-advanced\\post-service',
    execPath: 'C:\\Program Files\\nodejs\\node.exe',
    version: 'v22.13.1',
    argv: [
      'C:\\Program Files\\nodejs\\node.exe',
      'C:\\Users\\NILADRI\\Desktop\\node-microservices-advanced\\post-service\\src\\index.ts'
    ],
    memoryUsage: {
      rss: 114151424,
      heapTotal: 59871232,
      heapUsed: 38081600,
      external: 21769204,
      arrayBuffers: 18574839
    }
  },
  os: { loadavg: [ 0, 0, 0 ], uptime: 1612.406 },
  trace: [
    {
      column: 4,
      file: 'C:\\Users\\NILADRI\\Desktop\\node-microservices-advanced\\post-service\\src\\routes\\v1\\index.ts',
      function: '<anonymous>',
      line: 12,
      method: null,
      native: false
    },
    {
      column: 25,
      file: 'node:internal/modules/esm/module_job',
      function: 'ModuleJob.run',
      line: 271,
      method: 'run',
      native: false
    },
    {
      column: 26,
      file: 'node:internal/modules/esm/loader',
      function: 'async onImport.tracePromise.__proto__',
      line: 547,
      method: '__proto__',
      native: false
    },
    {
      column: 5,
      file: 'node:internal/modules/run_main',
      function: 'async asyncRunEntryPointWithESMLoader',
      line: 116,
      method: null,
      native: false
    }
  ],
  service: 'identity-service',
  timestamp: '2025-02-18T15:11:25.728Z'
}
{
  error: ReferenceError: apiRouter is not defined
      at <anonymous> (C:\Users\NILADRI\Desktop\node-microservices-advanced\post-service\src\routes\v1\index.ts:12:4)
      at ModuleJob.run (node:internal/modules/esm/module_job:271:25)
      at async onImport.tracePromise.__proto__ (node:internal/modules/esm/loader:547:26)
      at async asyncRunEntryPointWithESMLoader (node:internal/modules/run_main:116:5),
  level: 'error',
  message: 'uncaughtException: apiRouter is not defined\n' +
    'ReferenceError: apiRouter is not defined\n' +
    '    at <anonymous> (C:\\Users\\NILADRI\\Desktop\\node-microservices-advanced\\post-service\\src\\routes\\v1\\index.ts:12:4)\n' +
    '    at ModuleJob.run (node:internal/modules/esm/module_job:271:25)\n' +
    '    at async onImport.tracePromise.__proto__ (node:internal/modules/esm/loader:547:26)\n' +
    '    at async asyncRunEntryPointWithESMLoader (node:internal/modules/run_main:116:5)',
  stack: 'ReferenceError: apiRouter is not defined\n' +
    '    at <anonymous> (C:\\Users\\NILADRI\\Desktop\\node-microservices-advanced\\post-service\\src\\routes\\v1\\index.ts:12:4)\n' +
    '    at ModuleJob.run (node:internal/modules/esm/module_job:271:25)\n' +
    '    at async onImport.tracePromise.__proto__ (node:internal/modules/esm/loader:547:26)\n' +
    '    at async asyncRunEntryPointWithESMLoader (node:internal/modules/run_main:116:5)',
  exception: true,
  date: 'Tue Feb 18 2025 20:41:29 GMT+0530 (India Standard Time)',
  process: {
    pid: 13740,
    uid: null,
    gid: null,
    cwd: 'C:\\Users\\NILADRI\\Desktop\\node-microservices-advanced\\post-service',
    execPath: 'C:\\Program Files\\nodejs\\node.exe',
    version: 'v22.13.1',
    argv: [
      'C:\\Program Files\\nodejs\\node.exe',
      'C:\\Users\\NILADRI\\Desktop\\node-microservices-advanced\\post-service\\src\\index.ts'
    ],
    memoryUsage: {
      rss: 113864704,
      heapTotal: 59871232,
      heapUsed: 38160192,
      external: 21769204,
      arrayBuffers: 18574839
    }
  },
  os: { loadavg: [ 0, 0, 0 ], uptime: 1616.015 },
  trace: [
    {
      column: 4,
      file: 'C:\\Users\\NILADRI\\Desktop\\node-microservices-advanced\\post-service\\src\\routes\\v1\\index.ts',
      function: '<anonymous>',
      line: 12,
      method: null,
      native: false
    },
    {
      column: 25,
      file: 'node:internal/modules/esm/module_job',
      function: 'ModuleJob.run',
      line: 271,
      method: 'run',
      native: false
    },
    {
      column: 26,
      file: 'node:internal/modules/esm/loader',
      function: 'async onImport.tracePromise.__proto__',
      line: 547,
      method: '__proto__',
      native: false
    },
    {
      column: 5,
      file: 'node:internal/modules/run_main',
      function: 'async asyncRunEntryPointWithESMLoader',
      line: 116,
      method: null,
      native: false
    }
  ],
  service: 'identity-service',
  timestamp: '2025-02-18T15:11:29.330Z'
}
{
  error: ReferenceError: v1 is not defined
      at <anonymous> (C:\Users\NILADRI\Desktop\node-microservices-advanced\post-service\src\routes\v1\index.ts:12:4)
      at ModuleJob.run (node:internal/modules/esm/module_job:271:25)
      at async onImport.tracePromise.__proto__ (node:internal/modules/esm/loader:547:26)
      at async asyncRunEntryPointWithESMLoader (node:internal/modules/run_main:116:5),
  level: 'error',
  message: 'uncaughtException: v1 is not defined\n' +
    'ReferenceError: v1 is not defined\n' +
    '    at <anonymous> (C:\\Users\\NILADRI\\Desktop\\node-microservices-advanced\\post-service\\src\\routes\\v1\\index.ts:12:4)\n' +
    '    at ModuleJob.run (node:internal/modules/esm/module_job:271:25)\n' +
    '    at async onImport.tracePromise.__proto__ (node:internal/modules/esm/loader:547:26)\n' +
    '    at async asyncRunEntryPointWithESMLoader (node:internal/modules/run_main:116:5)',
  stack: 'ReferenceError: v1 is not defined\n' +
    '    at <anonymous> (C:\\Users\\NILADRI\\Desktop\\node-microservices-advanced\\post-service\\src\\routes\\v1\\index.ts:12:4)\n' +
    '    at ModuleJob.run (node:internal/modules/esm/module_job:271:25)\n' +
    '    at async onImport.tracePromise.__proto__ (node:internal/modules/esm/loader:547:26)\n' +
    '    at async asyncRunEntryPointWithESMLoader (node:internal/modules/run_main:116:5)',
  exception: true,
  date: 'Tue Feb 18 2025 20:41:34 GMT+0530 (India Standard Time)',
  process: {
    pid: 18488,
    uid: null,
    gid: null,
    cwd: 'C:\\Users\\NILADRI\\Desktop\\node-microservices-advanced\\post-service',
    execPath: 'C:\\Program Files\\nodejs\\node.exe',
    version: 'v22.13.1',
    argv: [
      'C:\\Program Files\\nodejs\\node.exe',
      'C:\\Users\\NILADRI\\Desktop\\node-microservices-advanced\\post-service\\src\\index.ts'
    ],
    memoryUsage: {
      rss: 113782784,
      heapTotal: 59871232,
      heapUsed: 37994136,
      external: 21769204,
      arrayBuffers: 18574839
    }
  },
  os: { loadavg: [ 0, 0, 0 ], uptime: 1620.859 },
  trace: [
    {
      column: 4,
      file: 'C:\\Users\\NILADRI\\Desktop\\node-microservices-advanced\\post-service\\src\\routes\\v1\\index.ts',
      function: '<anonymous>',
      line: 12,
      method: null,
      native: false
    },
    {
      column: 25,
      file: 'node:internal/modules/esm/module_job',
      function: 'ModuleJob.run',
      line: 271,
      method: 'run',
      native: false
    },
    {
      column: 26,
      file: 'node:internal/modules/esm/loader',
      function: 'async onImport.tracePromise.__proto__',
      line: 547,
      method: '__proto__',
      native: false
    },
    {
      column: 5,
      file: 'node:internal/modules/run_main',
      function: 'async asyncRunEntryPointWithESMLoader',
      line: 116,
      method: null,
      native: false
    }
  ],
  service: 'identity-service',
  timestamp: '2025-02-18T15:11:34.174Z'
}
{
  error: ReferenceError: post is not defined
      at <anonymous> (C:\Users\NILADRI\Desktop\node-microservices-advanced\post-service\src\routes\v1\index.ts:12:4)
      at ModuleJob.run (node:internal/modules/esm/module_job:271:25)
      at async onImport.tracePromise.__proto__ (node:internal/modules/esm/loader:547:26)
      at async asyncRunEntryPointWithESMLoader (node:internal/modules/run_main:116:5),
  level: 'error',
  message: 'uncaughtException: post is not defined\n' +
    'ReferenceError: post is not defined\n' +
    '    at <anonymous> (C:\\Users\\NILADRI\\Desktop\\node-microservices-advanced\\post-service\\src\\routes\\v1\\index.ts:12:4)\n' +
    '    at ModuleJob.run (node:internal/modules/esm/module_job:271:25)\n' +
    '    at async onImport.tracePromise.__proto__ (node:internal/modules/esm/loader:547:26)\n' +
    '    at async asyncRunEntryPointWithESMLoader (node:internal/modules/run_main:116:5)',
  stack: 'ReferenceError: post is not defined\n' +
    '    at <anonymous> (C:\\Users\\NILADRI\\Desktop\\node-microservices-advanced\\post-service\\src\\routes\\v1\\index.ts:12:4)\n' +
    '    at ModuleJob.run (node:internal/modules/esm/module_job:271:25)\n' +
    '    at async onImport.tracePromise.__proto__ (node:internal/modules/esm/loader:547:26)\n' +
    '    at async asyncRunEntryPointWithESMLoader (node:internal/modules/run_main:116:5)',
  exception: true,
  date: 'Tue Feb 18 2025 20:41:36 GMT+0530 (India Standard Time)',
  process: {
    pid: 18600,
    uid: null,
    gid: null,
    cwd: 'C:\\Users\\NILADRI\\Desktop\\node-microservices-advanced\\post-service',
    execPath: 'C:\\Program Files\\nodejs\\node.exe',
    version: 'v22.13.1',
    argv: [
      'C:\\Program Files\\nodejs\\node.exe',
      'C:\\Users\\NILADRI\\Desktop\\node-microservices-advanced\\post-service\\src\\index.ts'
    ],
    memoryUsage: {
      rss: 112943104,
      heapTotal: 59871232,
      heapUsed: 37625920,
      external: 21769204,
      arrayBuffers: 18574839
    }
  },
  os: { loadavg: [ 0, 0, 0 ], uptime: 1623.625 },
  trace: [
    {
      column: 4,
      file: 'C:\\Users\\NILADRI\\Desktop\\node-microservices-advanced\\post-service\\src\\routes\\v1\\index.ts',
      function: '<anonymous>',
      line: 12,
      method: null,
      native: false
    },
    {
      column: 25,
      file: 'node:internal/modules/esm/module_job',
      function: 'ModuleJob.run',
      line: 271,
      method: 'run',
      native: false
    },
    {
      column: 26,
      file: 'node:internal/modules/esm/loader',
      function: 'async onImport.tracePromise.__proto__',
      line: 547,
      method: '__proto__',
      native: false
    },
    {
      column: 5,
      file: 'node:internal/modules/run_main',
      function: 'async asyncRunEntryPointWithESMLoader',
      line: 116,
      method: null,
      native: false
    }
  ],
  service: 'identity-service',
  timestamp: '2025-02-18T15:11:36.945Z'
}
{
  error: ReferenceError: app is not defined
      at <anonymous> (C:\Users\NILADRI\Desktop\node-microservices-advanced\post-service\src\routes\v1\index.ts:13:1)
      at ModuleJob.run (node:internal/modules/esm/module_job:271:25)
      at async onImport.tracePromise.__proto__ (node:internal/modules/esm/loader:547:26)
      at async asyncRunEntryPointWithESMLoader (node:internal/modules/run_main:116:5),
  level: 'error',
  message: 'uncaughtException: app is not defined\n' +
    'ReferenceError: app is not defined\n' +
    '    at <anonymous> (C:\\Users\\NILADRI\\Desktop\\node-microservices-advanced\\post-service\\src\\routes\\v1\\index.ts:13:1)\n' +
    '    at ModuleJob.run (node:internal/modules/esm/module_job:271:25)\n' +
    '    at async onImport.tracePromise.__proto__ (node:internal/modules/esm/loader:547:26)\n' +
    '    at async asyncRunEntryPointWithESMLoader (node:internal/modules/run_main:116:5)',
  stack: 'ReferenceError: app is not defined\n' +
    '    at <anonymous> (C:\\Users\\NILADRI\\Desktop\\node-microservices-advanced\\post-service\\src\\routes\\v1\\index.ts:13:1)\n' +
    '    at ModuleJob.run (node:internal/modules/esm/module_job:271:25)\n' +
    '    at async onImport.tracePromise.__proto__ (node:internal/modules/esm/loader:547:26)\n' +
    '    at async asyncRunEntryPointWithESMLoader (node:internal/modules/run_main:116:5)',
  exception: true,
  date: 'Tue Feb 18 2025 20:41:38 GMT+0530 (India Standard Time)',
  process: {
    pid: 17292,
    uid: null,
    gid: null,
    cwd: 'C:\\Users\\NILADRI\\Desktop\\node-microservices-advanced\\post-service',
    execPath: 'C:\\Program Files\\nodejs\\node.exe',
    version: 'v22.13.1',
    argv: [
      'C:\\Program Files\\nodejs\\node.exe',
      'C:\\Users\\NILADRI\\Desktop\\node-microservices-advanced\\post-service\\src\\index.ts'
    ],
    memoryUsage: {
      rss: 113455104,
      heapTotal: 59871232,
      heapUsed: 37688672,
      external: 21769204,
      arrayBuffers: 18574839
    }
  },
  os: { loadavg: [ 0, 0, 0 ], uptime: 1625.046 },
  trace: [
    {
      column: 1,
      file: 'C:\\Users\\NILADRI\\Desktop\\node-microservices-advanced\\post-service\\src\\routes\\v1\\index.ts',
      function: '<anonymous>',
      line: 13,
      method: null,
      native: false
    },
    {
      column: 25,
      file: 'node:internal/modules/esm/module_job',
      function: 'ModuleJob.run',
      line: 271,
      method: 'run',
      native: false
    },
    {
      column: 26,
      file: 'node:internal/modules/esm/loader',
      function: 'async onImport.tracePromise.__proto__',
      line: 547,
      method: '__proto__',
      native: false
    },
    {
      column: 5,
      file: 'node:internal/modules/run_main',
      function: 'async asyncRunEntryPointWithESMLoader',
      line: 116,
      method: null,
      native: false
    }
  ],
  service: 'identity-service',
  timestamp: '2025-02-18T15:11:38.356Z'
}
